<?xml version="1.0" encoding="UTF-8"?>
<!-- Generated by org.testng.reporters.JUnitXMLReporter -->
<testsuite hostname="Rahuls-iMac.local" name="Selenium - Regular SignUp No Captcha Feature" tests="1" failures="1" timestamp="22 Sep 2014 10:54:56 GMT" time="113.336" errors="0">
  <testcase name="regularSignupNoCaptcha" time="103.826" classname="com.auction.verifications.Index">
    <failure type="org.openqa.selenium.NoAlertPresentException" message="No alert is present (WARNING: The server did not provide any stacktrace information)
Command duration or timeout: 44.78 seconds
Build info: version: &amp;apos;2.42.2&amp;apos;, revision: &amp;apos;6a6995d&amp;apos;, time: &amp;apos;2014-06-03 17:42:03&amp;apos;
System info: host: &amp;apos;Rahuls-iMac.local&amp;apos;, ip: &amp;apos;192.168.0.8&amp;apos;, os.name: &amp;apos;Mac OS X&amp;apos;, os.arch: &amp;apos;x86_64&amp;apos;, os.version: &amp;apos;10.9.4&amp;apos;, java.version: &amp;apos;1.7.0_67&amp;apos;
Session ID: da8633ca-7aca-304c-8339-eddbd1832a1e
Driver info: org.openqa.selenium.firefox.FirefoxDriver
Capabilities [{platform=MAC, databaseEnabled=true, cssSelectorsEnabled=true, javascriptEnabled=true, acceptSslCerts=true, handlesAlerts=true, browserName=firefox, webStorageEnabled=true, nativeEvents=false, rotatable=false, locationContextEnabled=true, applicationCacheEnabled=true, takesScreenshot=true, version=31.0}]
Command duration or timeout: 44.80 seconds
Build info: version: &amp;apos;2.42.2&amp;apos;, revision: &amp;apos;6a6995d31c7c56c340d6f45a76976d43506cd6cc&amp;apos;, time: &amp;apos;2014-06-03 10:52:47&amp;apos;
System info: host: &amp;apos;Rahuls-iMac.local&amp;apos;, ip: &amp;apos;192.168.0.8&amp;apos;, os.name: &amp;apos;Mac OS X&amp;apos;, os.arch: &amp;apos;x86_64&amp;apos;, os.version: &amp;apos;10.9.4&amp;apos;, java.version: &amp;apos;1.6.0_65&amp;apos;
Session ID: 4e27800d-1577-4344-b37b-16aaaac6cc97
Driver info: org.openqa.selenium.remote.RemoteWebDriver
Capabilities [{platform=MAC, acceptSslCerts=true, javascriptEnabled=true, browserName=firefox, rotatable=false, locationContextEnabled=true, webdriver.remote.sessionid=4e27800d-1577-4344-b37b-16aaaac6cc97, version=31.0, cssSelectorsEnabled=true, databaseEnabled=true, handlesAlerts=true, webStorageEnabled=true, nativeEvents=false, applicationCacheEnabled=true, takesScreenshot=true}]">
      <![CDATA[org.openqa.selenium.NoAlertPresentException: No alert is present (WARNING: The server did not provide any stacktrace information)
Command duration or timeout: 44.78 seconds
Build info: version: '2.42.2', revision: '6a6995d', time: '2014-06-03 17:42:03'
System info: host: 'Rahuls-iMac.local', ip: '192.168.0.8', os.name: 'Mac OS X', os.arch: 'x86_64', os.version: '10.9.4', java.version: '1.7.0_67'
Session ID: da8633ca-7aca-304c-8339-eddbd1832a1e
Driver info: org.openqa.selenium.firefox.FirefoxDriver
Capabilities [{platform=MAC, databaseEnabled=true, cssSelectorsEnabled=true, javascriptEnabled=true, acceptSslCerts=true, handlesAlerts=true, browserName=firefox, webStorageEnabled=true, nativeEvents=false, rotatable=false, locationContextEnabled=true, applicationCacheEnabled=true, takesScreenshot=true, version=31.0}]
Command duration or timeout: 44.80 seconds
Build info: version: '2.42.2', revision: '6a6995d31c7c56c340d6f45a76976d43506cd6cc', time: '2014-06-03 10:52:47'
System info: host: 'Rahuls-iMac.local', ip: '192.168.0.8', os.name: 'Mac OS X', os.arch: 'x86_64', os.version: '10.9.4', java.version: '1.6.0_65'
Session ID: 4e27800d-1577-4344-b37b-16aaaac6cc97
Driver info: org.openqa.selenium.remote.RemoteWebDriver
Capabilities [{platform=MAC, acceptSslCerts=true, javascriptEnabled=true, browserName=firefox, rotatable=false, locationContextEnabled=true, webdriver.remote.sessionid=4e27800d-1577-4344-b37b-16aaaac6cc97, version=31.0, cssSelectorsEnabled=true, databaseEnabled=true, handlesAlerts=true, webStorageEnabled=true, nativeEvents=false, applicationCacheEnabled=true, takesScreenshot=true}]
	at org.openqa.selenium.remote.ErrorHandler.createThrowable(ErrorHandler.java:204)
	at org.openqa.selenium.remote.ErrorHandler.throwIfResponseFailed(ErrorHandler.java:156)
	at org.openqa.selenium.remote.RemoteWebDriver.execute(RemoteWebDriver.java:599)
	at org.openqa.selenium.remote.RemoteWebDriver.execute(RemoteWebDriver.java:614)
	at org.openqa.selenium.remote.RemoteWebDriver$RemoteTargetLocator.alert(RemoteWebDriver.java:899)
	at com.auction.init.Common.acceptAlert(Common.java:175)
	at com.auction.admin.pages.AdminDashboardPage.verifyCheckedCheckboxONRegistrationSettingsModule(AdminDashboardPage.java:267)
	at com.auction.verifications.Index.regularSignupNoCaptcha(Index.java:182)
	at java.util.concurrent.FutureTask$Sync.innerRun(FutureTask.java:303)
	at java.util.concurrent.FutureTask.run(FutureTask.java:138)
	at java.util.concurrent.ThreadPoolExecutor$Worker.runTask(ThreadPoolExecutor.java:895)
	at java.util.concurrent.ThreadPoolExecutor$Worker.run(ThreadPoolExecutor.java:918)
	at java.lang.Thread.run(Thread.java:695)
Caused by: org.openqa.selenium.NoAlertPresentException: No alert is present (WARNING: The server did not provide any stacktrace information)
Command duration or timeout: 44.78 seconds
Build info: version: '2.42.2', revision: '6a6995d', time: '2014-06-03 17:42:03'
System info: host: 'Rahuls-iMac.local', ip: '192.168.0.8', os.name: 'Mac OS X', os.arch: 'x86_64', os.version: '10.9.4', java.version: '1.7.0_67'
Session ID: da8633ca-7aca-304c-8339-eddbd1832a1e
Driver info: org.openqa.selenium.firefox.FirefoxDriver
Capabilities [{platform=MAC, databaseEnabled=true, cssSelectorsEnabled=true, javascriptEnabled=true, acceptSslCerts=true, handlesAlerts=true, browserName=firefox, webStorageEnabled=true, nativeEvents=false, rotatable=false, locationContextEnabled=true, applicationCacheEnabled=true, takesScreenshot=true, version=31.0}]
Build info: version: '2.42.2', revision: '6a6995d31c7c56c340d6f45a76976d43506cd6cc', time: '2014-06-03 10:52:47'
System info: host: 'Rahuls-iMac.local', ip: '192.168.0.8', os.name: 'Mac OS X', os.arch: 'x86_64', os.version: '10.9.4', java.version: '1.6.0_65'
Driver info: driver.version: RemoteWebDriver
	at org.openqa.selenium.remote.ErrorHandler.createThrowable(ErrorHandler.java:204)
	at org.openqa.selenium.remote.ErrorHandler.throwIfResponseFailed(ErrorHandler.java:156)
	at org.openqa.selenium.remote.RemoteWebDriver.execute(RemoteWebDriver.java:599)
	at org.openqa.selenium.remote.RemoteWebDriver.execute(RemoteWebDriver.java:614)
	at org.openqa.selenium.remote.RemoteWebDriver$RemoteTargetLocator.alert(RemoteWebDriver.java:899)
	at org.openqa.selenium.support.events.EventFiringWebDriver$EventFiringTargetLocator.alert(EventFiringWebDriver.java:601)
	at org.openqa.selenium.remote.server.handler.GetAlertText.call(GetAlertText.java:29)
	at org.openqa.selenium.remote.server.handler.GetAlertText.call(GetAlertText.java:1)
	at java.util.concurrent.FutureTask.run(FutureTask.java:262)
	at org.openqa.selenium.remote.server.DefaultSession$1.run(DefaultSession.java:169)
	at java.util.concurrent.ThreadPoolExecutor.runWorker(ThreadPoolExecutor.java:1145)
	at java.util.concurrent.ThreadPoolExecutor$Worker.run(ThreadPoolExecutor.java:615)
	at java.lang.Thread.run(Thread.java:745)
... Removed 24 stack frames]]>
    </failure>
  </testcase> <!-- regularSignupNoCaptcha -->
</testsuite> <!-- Selenium - Regular SignUp No Captcha Feature -->
