<?xml version="1.0" encoding="UTF-8"?>
<!-- Generated by org.testng.reporters.JUnitXMLReporter -->
<testsuite hostname="Rahuls-iMac.local" name="Selenium - Regular SignUp With Basic Info  Mandatory and Billing Address Info Mandatory" tests="1" failures="0" timestamp="22 Sep 2014 09:33:41 GMT" time="161.049" errors="0">
  <testcase name="regularSignupWithBasicInfoMandatoryAndBillingAddressInfoMandatory" time="144.397" classname="com.auction.verifications.Index"/>
</testsuite> <!-- Selenium - Regular SignUp With Basic Info  Mandatory and Billing Address Info Mandatory -->
