<?xml version="1.0" encoding="UTF-8"?>
<!-- Generated by org.testng.reporters.JUnitXMLReporter -->
<testsuite hostname="Rahuls-iMac.local" name="Selenium - Regular SignUp With Basic Info Not Mandatory and Billing Address Info Mandatory" tests="1" failures="0" timestamp="22 Sep 2014 09:31:00 GMT" time="153.383" errors="0">
  <testcase name="regularSignupWithBasicInfoNotMandatoryAndBillingAddressInfoMandatory" time="142.382" classname="com.auction.verifications.Index"/>
</testsuite> <!-- Selenium - Regular SignUp With Basic Info Not Mandatory and Billing Address Info Mandatory -->
