<?xml version="1.0" encoding="UTF-8"?>
<!-- Generated by org.testng.reporters.JUnitXMLReporter -->
<testsuite hostname="Rahuls-iMac.local" name="Selenium - Regular SignUp With Basic Info Mandatory and Billing Address Info Not Mandatory" tests="1" failures="0" timestamp="22 Sep 2014 09:28:27 GMT" time="87.241" errors="0">
  <testcase name="regularSignupWithBasicInfoMandatoryAndBillingAddressInfoNotMandatory" time="80.074" classname="com.auction.verifications.Index"/>
</testsuite> <!-- Selenium - Regular SignUp With Basic Info Mandatory and Billing Address Info Not Mandatory -->
